<?xml version="1.0" encoding="UTF-8"?>
<!-- Generated by org.testng.reporters.JUnitReportReporter -->
<testsuite hostname="LAPTOP-KIH6IAF3" failures="0" tests="2" name="testngpracties.Datadriven" time="58.518" errors="0" timestamp="2023-07-05T19:19:46 IST" skipped="0">
  <testcase classname="testngpracties.Datadriven" name="testcase1" time="4.323"/>
  <system-out/>
  <testcase classname="testngpracties.Datadriven" name="testcase1" time="54.195"/>
  <system-out/>
</testsuite> <!-- testngpracties.Datadriven -->
