<?xml version="1.0" encoding="UTF-8"?>
<!-- Generated by org.testng.reporters.JUnitReportReporter -->
<testsuite hostname="LAPTOP-KIH6IAF3" failures="0" tests="6" name="testngpracties.Regressioncrosbrowsersuit" time="84.999" errors="0" timestamp="2023-06-06T20:54:44 IST" skipped="0">
  <testcase classname="testngpracties.Regressioncrosbrowsersuit" name="testcase1" time="55.565"/>
  <system-out/>
  <testcase classname="testngpracties.Regressioncrosbrowsersuit" name="testcase2" time="6.314"/>
  <system-out/>
  <testcase classname="testngpracties.Regressioncrosbrowsersuit" name="testcase3" time="5.511"/>
  <system-out/>
  <testcase classname="testngpracties.Regressioncrosbrowsersuit" name="testcase4" time="5.906"/>
  <system-out/>
  <testcase classname="testngpracties.Regressioncrosbrowsersuit" name="testcase5" time="5.885"/>
  <system-out/>
  <testcase classname="testngpracties.Regressioncrosbrowsersuit" name="testcase6" time="5.818"/>
  <system-out/>
</testsuite> <!-- testngpracties.Regressioncrosbrowsersuit -->
