<?xml version="1.0" encoding="UTF-8"?>
<!-- Generated by org.testng.reporters.JUnitReportReporter -->
<testsuite hostname="LAPTOP-KIH6IAF3" failures="0" tests="6" name="testngpracties.Regressioncrossbrowsersuit" time="37.069" errors="0" timestamp="2023-06-12T11:39:22 IST" skipped="0">
  <testcase classname="testngpracties.Regressioncrossbrowsersuit" name="testcase1" time="5.880"/>
  <system-out/>
  <testcase classname="testngpracties.Regressioncrossbrowsersuit" name="testcase2" time="5.798"/>
  <system-out/>
  <testcase classname="testngpracties.Regressioncrossbrowsersuit" name="testcase3" time="5.345"/>
  <system-out/>
  <testcase classname="testngpracties.Regressioncrossbrowsersuit" name="testcase4" time="5.931"/>
  <system-out/>
  <testcase classname="testngpracties.Regressioncrossbrowsersuit" name="testcase5" time="8.309"/>
  <system-out/>
  <testcase classname="testngpracties.Regressioncrossbrowsersuit" name="testcase6" time="5.806"/>
  <system-out/>
</testsuite> <!-- testngpracties.Regressioncrossbrowsersuit -->
