<?xml version="1.0" encoding="UTF-8"?>
<!-- Generated by org.testng.reporters.JUnitReportReporter -->
<testsuite hostname="LAPTOP-KIH6IAF3" failures="0" tests="6" name="testngpracties.Loginab" time="14.365" errors="0" timestamp="2023-06-06T20:54:44 IST" skipped="0">
  <testcase classname="testngpracties.Loginab" name="testcase1" time="2.978"/>
  <system-out/>
  <testcase classname="testngpracties.Loginab" name="testcase2" time="2.114"/>
  <system-out/>
  <testcase classname="testngpracties.Loginab" name="testcase3" time="2.515"/>
  <system-out/>
  <testcase classname="testngpracties.Loginab" name="testcase4" time="1.964"/>
  <system-out/>
  <testcase classname="testngpracties.Loginab" name="testcase5" time="2.174"/>
  <system-out/>
  <testcase classname="testngpracties.Loginab" name="testcase6" time="2.620"/>
  <system-out/>
</testsuite> <!-- testngpracties.Loginab -->
