<?xml version="1.0" encoding="UTF-8"?>
<!-- Generated by org.testng.reporters.JUnitReportReporter -->
<testsuite hostname="LAPTOP-KIH6IAF3" failures="0" tests="12" name="testngpracties.Regcross" time="48.235" errors="0" timestamp="2023-07-13T16:18:29 IST" skipped="0">
  <testcase classname="testngpracties.Regcross" name="testcase1" time="3.437"/>
  <system-out/>
  <testcase classname="testngpracties.Regcross" name="testcase1" time="7.663"/>
  <system-out/>
  <testcase classname="testngpracties.Regcross" name="testcase2" time="3.493"/>
  <system-out/>
  <testcase classname="testngpracties.Regcross" name="testcase2" time="4.088"/>
  <system-out/>
  <testcase classname="testngpracties.Regcross" name="testcase3" time="3.066"/>
  <system-out/>
  <testcase classname="testngpracties.Regcross" name="testcase3" time="4.030"/>
  <system-out/>
  <testcase classname="testngpracties.Regcross" name="testcase4" time="4.439"/>
  <system-out/>
  <testcase classname="testngpracties.Regcross" name="testcase4" time="3.551"/>
  <system-out/>
  <testcase classname="testngpracties.Regcross" name="testcase5" time="2.934"/>
  <system-out/>
  <testcase classname="testngpracties.Regcross" name="testcase5" time="3.727"/>
  <system-out/>
  <testcase classname="testngpracties.Regcross" name="testcase6" time="3.837"/>
  <system-out/>
  <testcase classname="testngpracties.Regcross" name="testcase6" time="3.970"/>
  <system-out/>
</testsuite> <!-- testngpracties.Regcross -->
